<?xml version="1.0" encoding="UTF-8"?>
<!-- Generated by org.testng.reporters.JUnitXMLReporter -->
<testsuite ignored="0" hostname="DESKTOP-MA7LGP5" failures="0" tests="1" name="Default test(failed)" time="0.172" errors="0" timestamp="2022-11-04T16:25:26 IST">
  <testcase classname="com.testng.com.Crossbrowser11" name="@BeforeClass beforelogin" time="-1.667559326039E9">
    <failure type="org.testng.TestNGException" message="
Parameter &amp;apos;browser&amp;apos; is required by BeforeClass on method beforelogin but has not been marked @Optional or defined
in C:\Users\PUVI\eclipse-workspace\mavenproject\test-output\testng-failed.xml">
      <![CDATA[org.testng.TestNGException: 
Parameter 'browser' is required by BeforeClass on method beforelogin but has not been marked @Optional or defined
in C:\Users\PUVI\eclipse-workspace\mavenproject\test-output\testng-failed.xml
at java.base/java.util.ArrayList.forEach(ArrayList.java:1541)
... Removed 22 stack frames]]>
    </failure>
  </testcase> <!-- @BeforeClass beforelogin -->
  <testcase classname="com.testng.com.Crossbrowser11" name="@AfterClass afterlogin" time="-1.667559326119E9">
    <skipped/>
  </testcase> <!-- @AfterClass afterlogin -->
  <testcase classname="com.testng.com.Crossbrowser11" name="login" time="0.0">
    <skipped/>
  </testcase> <!-- login -->
</testsuite> <!-- Default test(failed) -->
